$_SESSION is NULL$_SESSION is array (
  'user' => 'admin',
  'email' => 'vcarri1000@gmail.com',
  'perm' => '0',
)$_SESSION is array (
  'user' => 'admin',
  'email' => 'vcarri1000@gmail.com',
  'perm' => '0',
)$_SESSION is array (
  'user' => 'admin',
  'email' => 'vcarri1000@gmail.com',
  'perm' => '0',
)$_SESSION is array (
  'user' => 'admin',
  'email' => 'vcarri1000@gmail.com',
  'perm' => '0',
)$_SESSION is array (
  'user' => 'admin',
  'email' => 'vcarri1000@gmail.com',
  'perm' => '0',
)$_SESSION is array (
)$_SESSION is array (
)$_SESSION is array (
)$_SESSION is array (
  'user' => 'user',
  'email' => 'user@example.com',
  'perm' => '1',
)$_SESSION is array (
  'user' => 'user',
  'email' => 'user@example.com',
  'perm' => '1',
)